2026-03-17 22:12:20,372 [CRITICAL] ❌ current/watch_list.json が見つかりません
2026-03-21 15:10:42,901 [INFO] 🚀 2026-03-21 データ取得開始 (10件)
2026-03-21 15:10:42,901 [INFO] [1/10] 葬送のフリーレン 第2期 (id=202601_frieren_c2)
2026-03-21 15:11:37,145 [INFO]   ✅ 202601_frieren_c2 完了
2026-03-21 15:11:37,145 [INFO] [2/10] 呪術廻戦 第3期 死滅回游 前編 (id=202501_jujutsu3_c3)
2026-03-21 15:11:57,535 [INFO]   ✅ 202501_jujutsu3_c3 完了
2026-03-21 15:11:57,536 [INFO] [3/10] 【推しの子】第3期 (id=202610osusino_c3)
2026-03-21 15:12:21,672 [INFO]   ✅ 202610osusino_c3 完了
2026-03-21 15:12:21,672 [INFO] [4/10] 地獄楽 第2期 (id=202401_hellspara_c2)
2026-03-21 15:13:10,170 [INFO]   ✅ 202401_hellspara_c2 完了
2026-03-21 15:13:10,170 [INFO] [5/10] ゴールデンカムイ 最終章 (id=2410_gokamuy_c4)
2026-03-21 15:13:36,008 [INFO]   ✅ 2410_gokamuy_c4 完了
2026-03-21 15:13:36,009 [INFO] [6/10] Fate/strange Fake (id=202410_FateSFake_c1)
2026-03-21 15:14:18,140 [INFO]   📄 エピソード保存: database/episodes/202410_FateSFake_c1/ep012.json
2026-03-21 15:14:18,141 [INFO]   ✅ 202410_FateSFake_c1 完了
2026-03-21 15:14:18,141 [INFO] [7/10] メダリスト 第2期 (id=202501_medalist_c2)
2026-03-21 15:15:00,239 [INFO]   📄 エピソード保存: database/episodes/202501_medalist_c2/ep022.json
2026-03-21 15:15:00,240 [INFO]   ✅ 202501_medalist_c2 完了
2026-03-21 15:15:00,240 [INFO] [8/10] 炎炎ノ消防隊 参ノ章 第2クール (id=202407_enen3_c2)
2026-03-21 15:15:33,402 [INFO]   ✅ 202407_enen3_c2 完了
2026-03-21 15:15:33,402 [INFO] [9/10] 魔都精兵のスレイブ 2nd Season (id=202407_matoslav_c2)
2026-03-21 15:16:12,822 [INFO]   ✅ 202407_matoslav_c2 完了
2026-03-21 15:16:12,823 [INFO] [10/10] MFゴースト 3rd Season (id=202501_MFGhost_c3)
2026-03-21 15:16:40,370 [INFO]   ✅ 202501_MFGhost_c3 完了
2026-03-21 15:16:40,389 [INFO] 📝 watch_list / daily_schedule / broadcast_history 更新完了
2026-03-21 15:16:40,389 [INFO] 🎉 処理完了！成功: 10/10
2026-03-21 15:16:40,389 [INFO] ログ: /Volumes/DevSSD/Dev/AniCheck/AniJson/logs/daily_fetch.log
