2026-03-21 15:46:50,746 [INFO] ============================================================
2026-03-21 15:46:50,747 [INFO] [LOG: START] Step 0: season_adder.py 起動
2026-03-21 15:46:50,747 [INFO] [THOUGHT: dry_run=True]
2026-03-21 15:46:50,747 [INFO] [THOUGHT: BASE_DIR=/Volumes/DevSSD/Dev/AniCheck/AniJson]
2026-03-21 15:46:50,747 [INFO] [LOG: START] Step 1: 次期シーズン判定
2026-03-21 15:46:50,747 [INFO] [OUTPUT] season_str=2026年春アニメ, season_key=2026_spring, yyyymm=202604
2026-03-21 15:46:50,747 [INFO] [LOG: END] Step 1
2026-03-21 15:46:50,748 [INFO] [LOG: START] Step 2: 既存ファイル読み込み
2026-03-21 15:46:50,748 [INFO] [OUTPUT] watch_list=10件, broadcast_history=10キー
2026-03-21 15:46:50,748 [INFO] [LOG: END] Step 2
2026-03-21 15:46:50,748 [INFO] [LOG: START] Step 3: Grok API 呼び出し (season=2026年春アニメ)
2026-03-21 15:46:50,748 [INFO] [THOUGHT: Grokへのプロンプト送信] ターゲット=2026年春アニメ, model=grok-4-1-fast-reasoning
2026-03-21 15:47:26,141 [INFO] [OUTPUT] Grok 応答受信: 2911 chars
2026-03-21 15:47:26,142 [INFO] [LOG: END] Step 3
2026-03-21 15:47:26,148 [INFO] [OUTPUT] 生レスポンス保存: raw_grok_output_2026年春アニメ.txt
2026-03-21 15:47:26,149 [INFO] [LOG: START] Step 4: Grok レスポンスのパース
2026-03-21 15:47:26,149 [INFO] [THOUGHT: 正規表現でJSONコードブロックを抽出] テキスト長=2911
2026-03-21 15:47:26,150 [INFO] [OUTPUT] パース成功: 12 件
2026-03-21 15:47:26,150 [INFO] [LOG: END] Step 4
2026-03-21 15:47:26,150 [INFO] [LOG: START] Step 5: 各アニメの処理
2026-03-21 15:47:26,150 [INFO] --- [1/12] 氷の城壁 ---
2026-03-21 15:47:26,150 [INFO] [THOUGHT: official_url=https://korinojoheki-pr.com/, schedules=1件]
2026-03-21 15:47:26,150 [INFO] [OUTPUT] anime_id 生成: 202604_gen_3c2482a0
2026-03-21 15:47:26,150 [INFO] [LOG: START] Jikan 検索: 氷の城壁
2026-03-21 15:47:26,151 [INFO] [THOUGHT: Jikan API に '氷の城壁' を問い合わせ]
2026-03-21 15:47:27,752 [INFO] [OUTPUT] Jikan 取得成功: mal_id=60852, score=None, studio=Studio KAI
2026-03-21 15:47:27,752 [INFO] [dry-run] Master 保存スキップ: 202604_gen_3c2482a0.json
2026-03-21 15:47:27,753 [INFO] [OUTPUT] watch_list に追記: 202604_gen_3c2482a0
2026-03-21 15:47:27,753 [INFO] [OUTPUT] broadcast_history に追記: 202604_gen_3c2482a0
2026-03-21 15:47:27,753 [INFO] --- [2/12] リィンカーネーションの花弁 ---
2026-03-21 15:47:27,754 [INFO] [THOUGHT: official_url=https://petals-of-reincarnation-anime.com/, schedules=2件]
2026-03-21 15:47:27,754 [INFO] [OUTPUT] anime_id 生成: 202604_gen_a6954c97
2026-03-21 15:47:27,754 [INFO] [LOG: START] Jikan 検索: リィンカーネーションの花弁
2026-03-21 15:47:27,754 [INFO] [THOUGHT: Jikan API に 'リィンカーネーションの花弁' を問い合わせ]
2026-03-21 15:47:29,407 [INFO] [OUTPUT] Jikan 取得成功: mal_id=59443, score=None, studio=BENTEN Film
2026-03-21 15:47:29,408 [INFO] [dry-run] Master 保存スキップ: 202604_gen_a6954c97.json
2026-03-21 15:47:29,408 [INFO] [OUTPUT] watch_list に追記: 202604_gen_a6954c97
2026-03-21 15:47:29,408 [INFO] [OUTPUT] broadcast_history に追記: 202604_gen_a6954c97
2026-03-21 15:47:29,408 [INFO] --- [3/12] 春夏秋冬代行者 春の舞 ---
2026-03-21 15:47:29,408 [INFO] [THOUGHT: official_url=https://4seasons-anime.com/, schedules=2件]
2026-03-21 15:47:29,409 [INFO] [OUTPUT] anime_id 生成: 202604_gen_25066c90
2026-03-21 15:47:29,409 [INFO] [LOG: START] Jikan 検索: 春夏秋冬代行者 春の舞
2026-03-21 15:47:29,409 [INFO] [THOUGHT: Jikan API に '春夏秋冬代行者 春の舞' を問い合わせ]
2026-03-21 15:47:30,955 [INFO] [OUTPUT] Jikan 取得成功: mal_id=61443, score=None, studio=Wit Studio
2026-03-21 15:47:30,956 [INFO] [dry-run] Master 保存スキップ: 202604_gen_25066c90.json
2026-03-21 15:47:30,956 [INFO] [OUTPUT] watch_list に追記: 202604_gen_25066c90
2026-03-21 15:47:30,956 [INFO] [OUTPUT] broadcast_history に追記: 202604_gen_25066c90
2026-03-21 15:47:30,956 [INFO] --- [4/12] 異世界でチート能力を手にした俺は、現実世界をも無双する～レベルアップは人生を変えた～ ---
2026-03-21 15:47:30,956 [INFO] [THOUGHT: official_url=https://www.iseleve.com/, schedules=2件]
2026-03-21 15:47:30,956 [INFO] [OUTPUT] anime_id 生成: 202604_gen_5e52eb45
2026-03-21 15:47:30,956 [INFO] [LOG: START] Jikan 検索: 異世界でチート能力を手にした俺は、現実世界をも無双する～レベルアップは人生を変えた～
2026-03-21 15:47:30,957 [INFO] [THOUGHT: Jikan API に '異世界でチート能力を手にした俺は、現実世界をも無双する～レベルアップは人生を変えた～' を問い合わせ]
2026-03-21 15:47:32,550 [INFO] [OUTPUT] Jikan 取得成功: mal_id=52830, score=6.33, studio=Millepensee
2026-03-21 15:47:32,550 [INFO] [dry-run] Master 保存スキップ: 202604_gen_5e52eb45.json
2026-03-21 15:47:32,550 [INFO] [OUTPUT] watch_list に追記: 202604_gen_5e52eb45
2026-03-21 15:47:32,551 [INFO] [OUTPUT] broadcast_history に追記: 202604_gen_5e52eb45
2026-03-21 15:47:32,551 [INFO] --- [5/12] ようこそ実力至上主義の教室へ 4th Season ---
2026-03-21 15:47:32,551 [INFO] [THOUGHT: official_url=http://you-zitsu.com/, schedules=2件]
2026-03-21 15:47:32,551 [INFO] [OUTPUT] anime_id 生成: 202604_gen_6fb712f7
2026-03-21 15:47:32,551 [INFO] [LOG: START] Jikan 検索: ようこそ実力至上主義の教室へ 4th Season
2026-03-21 15:47:32,551 [INFO] [THOUGHT: Jikan API に 'ようこそ実力至上主義の教室へ 4th Season' を問い合わせ]
2026-03-21 15:47:34,208 [INFO] [OUTPUT] Jikan 取得成功: mal_id=59708, score=None, studio=Lerche
2026-03-21 15:47:34,213 [INFO] [dry-run] Master 保存スキップ: 202604_gen_6fb712f7.json
2026-03-21 15:47:34,213 [INFO] [OUTPUT] watch_list に追記: 202604_gen_6fb712f7
2026-03-21 15:47:34,214 [INFO] [OUTPUT] broadcast_history に追記: 202604_gen_6fb712f7
2026-03-21 15:47:34,214 [INFO] --- [6/12] ドロヘドロ Season2 ---
2026-03-21 15:47:34,214 [INFO] [THOUGHT: official_url=https://dorohedoro.net/, schedules=1件]
2026-03-21 15:47:34,214 [INFO] [OUTPUT] anime_id 生成: 202604_gen_75a03d8e
2026-03-21 15:47:34,214 [INFO] [LOG: START] Jikan 検索: ドロヘドロ Season2
2026-03-21 15:47:34,214 [INFO] [THOUGHT: Jikan API に 'ドロヘドロ Season2' を問い合わせ]
2026-03-21 15:47:35,814 [INFO] [OUTPUT] Jikan 取得成功: mal_id=38668, score=8.04, studio=MAPPA
2026-03-21 15:47:35,815 [INFO] [dry-run] Master 保存スキップ: 202604_gen_75a03d8e.json
2026-03-21 15:47:35,815 [INFO] [OUTPUT] watch_list に追記: 202604_gen_75a03d8e
2026-03-21 15:47:35,815 [INFO] [OUTPUT] broadcast_history に追記: 202604_gen_75a03d8e
2026-03-21 15:47:35,815 [INFO] --- [7/12] お隣の天使様にいつの間にか駄目人間にされていた件 第2期 ---
2026-03-21 15:47:35,815 [INFO] [THOUGHT: official_url=https://otonarino-tenshisama.jp/, schedules=1件]
2026-03-21 15:47:35,815 [INFO] [OUTPUT] anime_id 生成: 202604_gen_00f44778
2026-03-21 15:47:35,815 [INFO] [LOG: START] Jikan 検索: お隣の天使様にいつの間にか駄目人間にされていた件 第2期
2026-03-21 15:47:35,815 [INFO] [THOUGHT: Jikan API に 'お隣の天使様にいつの間にか駄目人間にされていた件 第2期' を問い合わせ]
2026-03-21 15:47:37,437 [INFO] [OUTPUT] Jikan 取得成功: mal_id=50739, score=7.86, studio=Project No.9
2026-03-21 15:47:37,437 [INFO] [dry-run] Master 保存スキップ: 202604_gen_00f44778.json
2026-03-21 15:47:37,437 [INFO] [OUTPUT] watch_list に追記: 202604_gen_00f44778
2026-03-21 15:47:37,437 [INFO] [OUTPUT] broadcast_history に追記: 202604_gen_00f44778
2026-03-21 15:47:37,437 [INFO] --- [8/12] 転生したらスライムだった件 第4期 ---
2026-03-21 15:47:37,437 [INFO] [THOUGHT: official_url=https://www.ten-sura.com/anime/tensura, schedules=2件]
2026-03-21 15:47:37,438 [INFO] [OUTPUT] anime_id 生成: 202604_gen_903d6282
2026-03-21 15:47:37,438 [INFO] [LOG: START] Jikan 検索: 転生したらスライムだった件 第4期
2026-03-21 15:47:37,438 [INFO] [THOUGHT: Jikan API に '転生したらスライムだった件 第4期' を問い合わせ]
2026-03-21 15:47:39,013 [INFO] [OUTPUT] Jikan 取得成功: mal_id=63129, score=None, studio=None
2026-03-21 15:47:39,013 [INFO] [dry-run] Master 保存スキップ: 202604_gen_903d6282.json
2026-03-21 15:47:39,013 [INFO] [OUTPUT] watch_list に追記: 202604_gen_903d6282
2026-03-21 15:47:39,014 [INFO] [OUTPUT] broadcast_history に追記: 202604_gen_903d6282
2026-03-21 15:47:39,014 [INFO] --- [9/12] 霧尾ファンクラブ ---
2026-03-21 15:47:39,014 [INFO] [THOUGHT: official_url=https://kirio-fc.com/, schedules=1件]
2026-03-21 15:47:39,014 [INFO] [OUTPUT] anime_id 生成: 202604_gen_47ae1aab
2026-03-21 15:47:39,014 [INFO] [LOG: START] Jikan 検索: 霧尾ファンクラブ
2026-03-21 15:47:39,014 [INFO] [THOUGHT: Jikan API に '霧尾ファンクラブ' を問い合わせ]
2026-03-21 15:47:40,554 [INFO] [OUTPUT] Jikan 取得成功: mal_id=59835, score=None, studio=Satelight
2026-03-21 15:47:40,564 [INFO] [dry-run] Master 保存スキップ: 202604_gen_47ae1aab.json
2026-03-21 15:47:40,564 [INFO] [OUTPUT] watch_list に追記: 202604_gen_47ae1aab
2026-03-21 15:47:40,565 [INFO] [OUTPUT] broadcast_history に追記: 202604_gen_47ae1aab
2026-03-21 15:47:40,565 [INFO] --- [10/12] また殺されてしまったのですね、探偵様 ---
2026-03-21 15:47:40,565 [INFO] [THOUGHT: official_url=https://www.tbs.co.jp/anime/matakoro/, schedules=2件]
2026-03-21 15:47:40,565 [INFO] [OUTPUT] anime_id 生成: 202604_gen_24f83ff8
2026-03-21 15:47:40,565 [INFO] [LOG: START] Jikan 検索: また殺されてしまったのですね、探偵様
2026-03-21 15:47:40,565 [INFO] [THOUGHT: Jikan API に 'また殺されてしまったのですね、探偵様' を問い合わせ]
2026-03-21 15:47:42,060 [INFO] [OUTPUT] Jikan 取得成功: mal_id=62964, score=None, studio=LIDENFILMS
2026-03-21 15:47:42,061 [INFO] [dry-run] Master 保存スキップ: 202604_gen_24f83ff8.json
2026-03-21 15:47:42,061 [INFO] [OUTPUT] watch_list に追記: 202604_gen_24f83ff8
2026-03-21 15:47:42,061 [INFO] [OUTPUT] broadcast_history に追記: 202604_gen_24f83ff8
2026-03-21 15:47:42,061 [INFO] --- [11/12] スノウボールアース ---
2026-03-21 15:47:42,061 [INFO] [THOUGHT: official_url=https://snowballearth.net/, schedules=1件]
2026-03-21 15:47:42,062 [INFO] [OUTPUT] anime_id 生成: 202604_gen_899ab0d8
2026-03-21 15:47:42,062 [INFO] [LOG: START] Jikan 検索: スノウボールアース
2026-03-21 15:47:42,062 [INFO] [THOUGHT: Jikan API に 'スノウボールアース' を問い合わせ]
2026-03-21 15:47:43,575 [INFO] [OUTPUT] Jikan 取得成功: mal_id=62068, score=None, studio=Studio KAI
2026-03-21 15:47:43,576 [INFO] [dry-run] Master 保存スキップ: 202604_gen_899ab0d8.json
2026-03-21 15:47:43,576 [INFO] [OUTPUT] watch_list に追記: 202604_gen_899ab0d8
2026-03-21 15:47:43,576 [INFO] [OUTPUT] broadcast_history に追記: 202604_gen_899ab0d8
2026-03-21 15:47:43,576 [INFO] --- [12/12] Dr.STONE -SCIENCE FUTURE- (第4期)【第3クール】 ---
2026-03-21 15:47:43,576 [INFO] [THOUGHT: official_url=https://dr-stone.jp/, schedules=2件]
2026-03-21 15:47:43,576 [INFO] [OUTPUT] anime_id 生成: 202604_gen_0a89220f
2026-03-21 15:47:43,576 [INFO] [LOG: START] Jikan 検索: Dr.STONE -SCIENCE FUTURE- (第4期)【第3クール】
2026-03-21 15:47:43,576 [INFO] [THOUGHT: Jikan API に 'Dr.STONE -SCIENCE FUTURE- (第4期)【第3クール】' を問い合わせ]
2026-03-21 15:47:45,300 [INFO] [OUTPUT] Jikan 取得成功: mal_id=61322, score=8.52, studio=TMS Entertainment
2026-03-21 15:47:45,300 [INFO] [dry-run] Master 保存スキップ: 202604_gen_0a89220f.json
2026-03-21 15:47:45,300 [INFO] [OUTPUT] watch_list に追記: 202604_gen_0a89220f
2026-03-21 15:47:45,300 [INFO] [OUTPUT] broadcast_history に追記: 202604_gen_0a89220f
2026-03-21 15:47:45,300 [INFO] [OUTPUT] 処理完了: 新規追加=12件, スキップ=0件
2026-03-21 15:47:45,301 [INFO] [LOG: END] Step 5
2026-03-21 15:47:45,301 [INFO] [LOG: START] Step 6: ファイル保存
2026-03-21 15:47:45,301 [INFO] [dry-run] watch_list / broadcast_history の保存をスキップ
2026-03-21 15:47:45,301 [INFO] [LOG: END] Step 6
2026-03-21 15:47:45,301 [INFO] ============================================================
2026-03-21 15:47:45,301 [INFO] 🎉 season_adder.py 完了！ 新規追加: 12件, スキップ: 0件
2026-03-21 15:47:45,301 [INFO] ログ: /Volumes/DevSSD/Dev/AniCheck/AniJson/logs/season_adder.log
2026-03-21 16:52:00,527 [INFO] ============================================================
2026-03-21 16:52:00,528 [INFO] [LOG: START] Step 0: season_adder.py 起動
2026-03-21 16:52:00,528 [INFO] [THOUGHT: dry_run=False]
2026-03-21 16:52:00,528 [INFO] [THOUGHT: BASE_DIR=/Volumes/DevSSD/Dev/AniCheck/AniJson]
2026-03-21 16:52:00,528 [INFO] [LOG: START] Step 1: 次期シーズン判定
2026-03-21 16:52:00,528 [INFO] [OUTPUT] season_str=2026年春アニメ, season_key=2026_spring, yyyymm=202604
2026-03-21 16:52:00,528 [INFO] [LOG: END] Step 1
2026-03-21 16:52:00,528 [INFO] [LOG: START] Step 2: 既存ファイル読み込み
2026-03-21 16:52:00,530 [INFO] [OUTPUT] watch_list=10件, broadcast_history=10キー
2026-03-21 16:52:00,530 [INFO] [LOG: END] Step 2
2026-03-21 16:52:00,530 [INFO] [LOG: START] Step 3: Grok API 呼び出し (season=2026年春アニメ)
2026-03-21 16:52:00,530 [INFO] [THOUGHT: Grokへのプロンプト送信] ターゲット=2026年春アニメ, model=grok-4-1-fast-reasoning
2026-03-21 16:52:41,425 [INFO] [OUTPUT] Grok 応答受信: 3258 chars
2026-03-21 16:52:41,425 [INFO] [LOG: END] Step 3
2026-03-21 16:52:41,442 [INFO] [OUTPUT] 生レスポンス保存: raw_grok_output_2026年春アニメ.txt
2026-03-21 16:52:41,443 [INFO] [LOG: START] Step 4: Grok レスポンスのパース
2026-03-21 16:52:41,443 [INFO] [THOUGHT: 正規表現でJSONコードブロックを抽出] テキスト長=3258
2026-03-21 16:52:41,443 [INFO] [OUTPUT] パース成功: 13 件
2026-03-21 16:52:41,443 [INFO] [LOG: END] Step 4
2026-03-21 16:52:41,443 [INFO] [LOG: START] Step 5: 各アニメの処理
2026-03-21 16:52:41,443 [INFO] --- [1/13] 春夏秋冬代行者 春の舞 ---
2026-03-21 16:52:41,443 [INFO] [THOUGHT: official_url=https://4seasons-anime.com/, schedules=2件]
2026-03-21 16:52:41,443 [INFO] [OUTPUT] anime_id 生成: 202604_gen_25066c90
2026-03-21 16:52:41,443 [INFO] [LOG: START] Jikan 検索: 春夏秋冬代行者 春の舞
2026-03-21 16:52:41,443 [INFO] [THOUGHT: Jikan API に '春夏秋冬代行者 春の舞' を問い合わせ]
2026-03-21 16:52:43,136 [INFO] [OUTPUT] Jikan 取得成功: mal_id=61443, score=None, studio=Wit Studio
2026-03-21 16:52:43,137 [INFO] [OUTPUT] Master 保存: 202604_gen_25066c90.json
2026-03-21 16:52:43,137 [INFO] [OUTPUT] watch_list に追記: 202604_gen_25066c90
2026-03-21 16:52:43,138 [INFO] [OUTPUT] broadcast_history に追記: 202604_gen_25066c90
2026-03-21 16:52:43,138 [INFO] --- [2/13] 異世界でチート能力を手にした俺は、現実世界をも無双する～レベルアップは人生を変えた～ ---
2026-03-21 16:52:43,138 [INFO] [THOUGHT: official_url=https://www.iseleve.com/, schedules=2件]
2026-03-21 16:52:43,138 [INFO] [OUTPUT] anime_id 生成: 202604_gen_5e52eb45
2026-03-21 16:52:43,139 [INFO] [LOG: START] Jikan 検索: 異世界でチート能力を手にした俺は、現実世界をも無双する～レベルアップは人生を変えた～
2026-03-21 16:52:43,139 [INFO] [THOUGHT: Jikan API に '異世界でチート能力を手にした俺は、現実世界をも無双する～レベルアップは人生を変えた～' を問い合わせ]
2026-03-21 16:52:44,757 [INFO] [OUTPUT] Jikan 取得成功: mal_id=52830, score=6.33, studio=Millepensee
2026-03-21 16:52:44,758 [INFO] [OUTPUT] Master 保存: 202604_gen_5e52eb45.json
2026-03-21 16:52:44,758 [INFO] [OUTPUT] watch_list に追記: 202604_gen_5e52eb45
2026-03-21 16:52:44,758 [INFO] [OUTPUT] broadcast_history に追記: 202604_gen_5e52eb45
2026-03-21 16:52:44,759 [INFO] --- [3/13] 逃がした魚は大きかったが釣りあげた魚が大きすぎた件 ---
2026-03-21 16:52:44,759 [INFO] [THOUGHT: official_url=https://nigetsuri-anime.com/, schedules=2件]
2026-03-21 16:52:44,759 [INFO] [OUTPUT] anime_id 生成: 202604_gen_3f3b150f
2026-03-21 16:52:44,759 [INFO] [LOG: START] Jikan 検索: 逃がした魚は大きかったが釣りあげた魚が大きすぎた件
2026-03-21 16:52:44,759 [INFO] [THOUGHT: Jikan API に '逃がした魚は大きかったが釣りあげた魚が大きすぎた件' を問い合わせ]
2026-03-21 16:52:46,329 [INFO] [OUTPUT] Jikan 取得成功: mal_id=62893, score=None, studio=TROYCA
2026-03-21 16:52:46,330 [INFO] [OUTPUT] Master 保存: 202604_gen_3f3b150f.json
2026-03-21 16:52:46,331 [INFO] [OUTPUT] watch_list に追記: 202604_gen_3f3b150f
2026-03-21 16:52:46,331 [INFO] [OUTPUT] broadcast_history に追記: 202604_gen_3f3b150f
2026-03-21 16:52:46,331 [INFO] --- [4/13] リィンカーネーションの花弁 ---
2026-03-21 16:52:46,331 [INFO] [THOUGHT: official_url=https://petals-of-reincarnation-anime.com/, schedules=1件]
2026-03-21 16:52:46,331 [INFO] [OUTPUT] anime_id 生成: 202604_gen_a6954c97
2026-03-21 16:52:46,331 [INFO] [LOG: START] Jikan 検索: リィンカーネーションの花弁
2026-03-21 16:52:46,331 [INFO] [THOUGHT: Jikan API に 'リィンカーネーションの花弁' を問い合わせ]
2026-03-21 16:52:47,937 [INFO] [OUTPUT] Jikan 取得成功: mal_id=59443, score=None, studio=BENTEN Film
2026-03-21 16:52:47,939 [INFO] [OUTPUT] Master 保存: 202604_gen_a6954c97.json
2026-03-21 16:52:47,939 [INFO] [OUTPUT] watch_list に追記: 202604_gen_a6954c97
2026-03-21 16:52:47,939 [INFO] [OUTPUT] broadcast_history に追記: 202604_gen_a6954c97
2026-03-21 16:52:47,939 [INFO] --- [5/13] 氷の城壁 ---
2026-03-21 16:52:47,939 [INFO] [THOUGHT: official_url=https://korinojoheki-pr.com/, schedules=1件]
2026-03-21 16:52:47,939 [INFO] [OUTPUT] anime_id 生成: 202604_gen_3c2482a0
2026-03-21 16:52:47,940 [INFO] [LOG: START] Jikan 検索: 氷の城壁
2026-03-21 16:52:47,940 [INFO] [THOUGHT: Jikan API に '氷の城壁' を問い合わせ]
2026-03-21 16:52:49,466 [INFO] [OUTPUT] Jikan 取得成功: mal_id=60852, score=None, studio=Studio KAI
2026-03-21 16:52:49,467 [INFO] [OUTPUT] Master 保存: 202604_gen_3c2482a0.json
2026-03-21 16:52:49,467 [INFO] [OUTPUT] watch_list に追記: 202604_gen_3c2482a0
2026-03-21 16:52:49,467 [INFO] [OUTPUT] broadcast_history に追記: 202604_gen_3c2482a0
2026-03-21 16:52:49,467 [INFO] --- [6/13] 終末のワルキューレⅢ ---
2026-03-21 16:52:49,467 [INFO] [THOUGHT: official_url=https://ragnarok-official.com/, schedules=2件]
2026-03-21 16:52:49,467 [INFO] [OUTPUT] anime_id 生成: 202604_gen_f71a2557
2026-03-21 16:52:49,467 [INFO] [LOG: START] Jikan 検索: 終末のワルキューレⅢ
2026-03-21 16:52:49,467 [INFO] [THOUGHT: Jikan API に '終末のワルキューレⅢ' を問い合わせ]
2026-03-21 16:52:50,982 [INFO] [OUTPUT] Jikan 取得成功: mal_id=44942, score=6.83, studio=Graphinica
2026-03-21 16:52:50,983 [INFO] [OUTPUT] Master 保存: 202604_gen_f71a2557.json
2026-03-21 16:52:50,983 [INFO] [OUTPUT] watch_list に追記: 202604_gen_f71a2557
2026-03-21 16:52:50,983 [INFO] [OUTPUT] broadcast_history に追記: 202604_gen_f71a2557
2026-03-21 16:52:50,983 [INFO] --- [7/13] お隣の天使様にいつの間にか駄目人間にされていた件 第2期 ---
2026-03-21 16:52:50,983 [INFO] [THOUGHT: official_url=https://otonarino-tenshisama.jp/, schedules=1件]
2026-03-21 16:52:50,983 [INFO] [OUTPUT] anime_id 生成: 202604_gen_00f44778
2026-03-21 16:52:50,983 [INFO] [LOG: START] Jikan 検索: お隣の天使様にいつの間にか駄目人間にされていた件 第2期
2026-03-21 16:52:50,983 [INFO] [THOUGHT: Jikan API に 'お隣の天使様にいつの間にか駄目人間にされていた件 第2期' を問い合わせ]
2026-03-21 16:52:52,710 [INFO] [OUTPUT] Jikan 取得成功: mal_id=50739, score=7.86, studio=Project No.9
2026-03-21 16:52:52,711 [INFO] [OUTPUT] Master 保存: 202604_gen_00f44778.json
2026-03-21 16:52:52,711 [INFO] [OUTPUT] watch_list に追記: 202604_gen_00f44778
2026-03-21 16:52:52,711 [INFO] [OUTPUT] broadcast_history に追記: 202604_gen_00f44778
2026-03-21 16:52:52,712 [INFO] --- [8/13] 転生したらスライムだった件 第4期 ---
2026-03-21 16:52:52,712 [INFO] [THOUGHT: official_url=https://www.ten-sura.com/anime/tensura, schedules=2件]
2026-03-21 16:52:52,712 [INFO] [OUTPUT] anime_id 生成: 202604_gen_903d6282
2026-03-21 16:52:52,712 [INFO] [LOG: START] Jikan 検索: 転生したらスライムだった件 第4期
2026-03-21 16:52:52,712 [INFO] [THOUGHT: Jikan API に '転生したらスライムだった件 第4期' を問い合わせ]
2026-03-21 16:52:54,358 [INFO] [OUTPUT] Jikan 取得成功: mal_id=63129, score=None, studio=None
2026-03-21 16:52:54,358 [INFO] [OUTPUT] Master 保存: 202604_gen_903d6282.json
2026-03-21 16:52:54,358 [INFO] [OUTPUT] watch_list に追記: 202604_gen_903d6282
2026-03-21 16:52:54,358 [INFO] [OUTPUT] broadcast_history に追記: 202604_gen_903d6282
2026-03-21 16:52:54,359 [INFO] --- [9/13] 黄泉のツガイ ---
2026-03-21 16:52:54,359 [INFO] [THOUGHT: official_url=https://yominotsugai.com/, schedules=2件]
2026-03-21 16:52:54,359 [INFO] [OUTPUT] anime_id 生成: 202604_gen_13c723cc
2026-03-21 16:52:54,359 [INFO] [LOG: START] Jikan 検索: 黄泉のツガイ
2026-03-21 16:52:54,359 [INFO] [THOUGHT: Jikan API に '黄泉のツガイ' を問い合わせ]
2026-03-21 16:52:55,808 [INFO] [OUTPUT] Jikan 取得成功: mal_id=62001, score=None, studio=Bones Film
2026-03-21 16:52:55,814 [INFO] [OUTPUT] Master 保存: 202604_gen_13c723cc.json
2026-03-21 16:52:55,815 [INFO] [OUTPUT] watch_list に追記: 202604_gen_13c723cc
2026-03-21 16:52:55,815 [INFO] [OUTPUT] broadcast_history に追記: 202604_gen_13c723cc
2026-03-21 16:52:55,815 [INFO] --- [10/13] 魔物喰らいの冒険者～俺だけ魔物を喰らって強くなる～ ---
2026-03-21 16:52:55,815 [INFO] [THOUGHT: official_url=https://animationid.com/mamonogurai/, schedules=1件]
2026-03-21 16:52:55,815 [INFO] [OUTPUT] anime_id 生成: 202604_gen_e2a71c3d
2026-03-21 16:52:55,815 [INFO] [LOG: START] Jikan 検索: 魔物喰らいの冒険者～俺だけ魔物を喰らって強くなる～
2026-03-21 16:52:55,815 [INFO] [THOUGHT: Jikan API に '魔物喰らいの冒険者～俺だけ魔物を喰らって強くなる～' を問い合わせ]
2026-03-21 16:52:57,868 [INFO] [OUTPUT] Jikan 取得成功: mal_id=63304, score=None, studio=Imagica Infos
2026-03-21 16:52:57,868 [INFO] [OUTPUT] Master 保存: 202604_gen_e2a71c3d.json
2026-03-21 16:52:57,868 [INFO] [OUTPUT] watch_list に追記: 202604_gen_e2a71c3d
2026-03-21 16:52:57,868 [INFO] [OUTPUT] broadcast_history に追記: 202604_gen_e2a71c3d
2026-03-21 16:52:57,868 [INFO] --- [11/13] 灰原くんの強くて青春ニューゲーム ---
2026-03-21 16:52:57,868 [INFO] [THOUGHT: official_url=https://haibarakun-anime.com/, schedules=2件]
2026-03-21 16:52:57,869 [INFO] [OUTPUT] anime_id 生成: 202604_gen_eab294d7
2026-03-21 16:52:57,869 [INFO] [LOG: START] Jikan 検索: 灰原くんの強くて青春ニューゲーム
2026-03-21 16:52:57,869 [INFO] [THOUGHT: Jikan API に '灰原くんの強くて青春ニューゲーム' を問い合わせ]
2026-03-21 16:52:59,413 [INFO] [OUTPUT] Jikan 取得成功: mal_id=61943, score=None, studio=Studio Comet
2026-03-21 16:52:59,414 [INFO] [OUTPUT] Master 保存: 202604_gen_eab294d7.json
2026-03-21 16:52:59,414 [INFO] [OUTPUT] watch_list に追記: 202604_gen_eab294d7
2026-03-21 16:52:59,414 [INFO] [OUTPUT] broadcast_history に追記: 202604_gen_eab294d7
2026-03-21 16:52:59,414 [INFO] --- [12/13] Dr.STONE SCIENCE FUTURE (第4期) ---
2026-03-21 16:52:59,414 [INFO] [THOUGHT: official_url=https://dr-stone.jp/, schedules=2件]
2026-03-21 16:52:59,414 [INFO] [OUTPUT] anime_id 生成: 202604_gen_7e41fc6d
2026-03-21 16:52:59,415 [INFO] [LOG: START] Jikan 検索: Dr.STONE SCIENCE FUTURE (第4期)
2026-03-21 16:52:59,415 [INFO] [THOUGHT: Jikan API に 'Dr.STONE SCIENCE FUTURE (第4期)' を問い合わせ]
2026-03-21 16:53:01,142 [INFO] [OUTPUT] Jikan 取得成功: mal_id=61322, score=8.52, studio=TMS Entertainment
2026-03-21 16:53:01,143 [INFO] [OUTPUT] Master 保存: 202604_gen_7e41fc6d.json
2026-03-21 16:53:01,143 [INFO] [OUTPUT] watch_list に追記: 202604_gen_7e41fc6d
2026-03-21 16:53:01,143 [INFO] [OUTPUT] broadcast_history に追記: 202604_gen_7e41fc6d
2026-03-21 16:53:01,143 [INFO] --- [13/13] ようこそ実力至上主義の教室へ 4th Season ---
2026-03-21 16:53:01,143 [INFO] [THOUGHT: official_url=http://you-zitsu.com/, schedules=2件]
2026-03-21 16:53:01,143 [INFO] [OUTPUT] anime_id 生成: 202604_gen_6fb712f7
2026-03-21 16:53:01,143 [INFO] [LOG: START] Jikan 検索: ようこそ実力至上主義の教室へ 4th Season
2026-03-21 16:53:01,143 [INFO] [THOUGHT: Jikan API に 'ようこそ実力至上主義の教室へ 4th Season' を問い合わせ]
2026-03-21 16:53:02,887 [INFO] [OUTPUT] Jikan 取得成功: mal_id=59708, score=None, studio=Lerche
2026-03-21 16:53:02,889 [INFO] [OUTPUT] Master 保存: 202604_gen_6fb712f7.json
2026-03-21 16:53:02,890 [INFO] [OUTPUT] watch_list に追記: 202604_gen_6fb712f7
2026-03-21 16:53:02,890 [INFO] [OUTPUT] broadcast_history に追記: 202604_gen_6fb712f7
2026-03-21 16:53:02,890 [INFO] [OUTPUT] 処理完了: 新規追加=13件, スキップ=0件
2026-03-21 16:53:02,890 [INFO] [LOG: END] Step 5
2026-03-21 16:53:02,890 [INFO] [LOG: START] Step 6: ファイル保存
2026-03-21 16:53:02,892 [INFO] [OUTPUT] watch_list 保存完了: 23件
2026-03-21 16:53:02,895 [INFO] [OUTPUT] broadcast_history 保存完了: 23キー
2026-03-21 16:53:02,895 [INFO] [LOG: END] Step 6
2026-03-21 16:53:02,895 [INFO] ============================================================
2026-03-21 16:53:02,895 [INFO] 🎉 season_adder.py 完了！ 新規追加: 13件, スキップ: 0件
2026-03-21 16:53:02,895 [INFO] ログ: /Volumes/DevSSD/Dev/AniCheck/AniJson/logs/season_adder.log
2026-03-21 17:05:27,495 [INFO] ============================================================
2026-03-21 17:05:27,495 [INFO] [LOG: START] Step 0: season_adder.py 起動
2026-03-21 17:05:27,495 [INFO] [THOUGHT: dry_run=False]
2026-03-21 17:05:27,495 [INFO] [THOUGHT: BASE_DIR=/Volumes/DevSSD/Dev/AniCheck/AniJson]
2026-03-21 17:05:27,495 [INFO] [LOG: START] Step 1: 次期シーズン判定
2026-03-21 17:05:27,495 [INFO] [OUTPUT] season_str=2026年春アニメ, season_key=2026_spring, yyyymm=202604
2026-03-21 17:05:27,495 [INFO] [LOG: END] Step 1
2026-03-21 17:05:27,495 [INFO] [LOG: START] Step 2: 既存ファイル読み込み
2026-03-21 17:05:27,496 [INFO] [OUTPUT] watch_list=10件, broadcast_history=10キー
2026-03-21 17:05:27,496 [INFO] [LOG: END] Step 2
2026-03-21 17:05:27,496 [INFO] [LOG: START] Step 3: Grok API 呼び出し (season=2026年春アニメ)
2026-03-21 17:05:27,496 [INFO] [THOUGHT: Grokへのプロンプト送信] ターゲット=2026年春アニメ, model=grok-4-1-fast-reasoning
2026-03-21 17:06:07,462 [INFO] [OUTPUT] Grok 応答受信: 3438 chars
2026-03-21 17:06:07,462 [INFO] [LOG: END] Step 3
2026-03-21 17:06:07,473 [INFO] [OUTPUT] 生レスポンス保存: raw_grok_output_2026年春アニメ.txt
2026-03-21 17:06:07,474 [INFO] [LOG: START] Step 4: Grok レスポンスのパース
2026-03-21 17:06:07,474 [INFO] [THOUGHT: 正規表現でJSONコードブロックを抽出] テキスト長=3438
2026-03-21 17:06:07,474 [INFO] [OUTPUT] パース成功: 13 件
2026-03-21 17:06:07,475 [INFO] [LOG: END] Step 4
2026-03-21 17:06:07,475 [INFO] [LOG: START] Step 5: 各アニメの処理
2026-03-21 17:06:07,475 [INFO] --- [1/13] ようこそ実力至上主義の教室へ 4th Season ---
2026-03-21 17:06:07,475 [INFO] [THOUGHT: official_url=http://you-zitsu.com/, schedules=2件]
2026-03-21 17:06:07,475 [INFO] [OUTPUT] anime_id 生成: 202604_youzitsu_c1
2026-03-21 17:06:07,475 [INFO] [LOG: START] Jikan 検索: ようこそ実力至上主義の教室へ 4th Season
2026-03-21 17:06:07,475 [INFO] [THOUGHT: Jikan API に 'ようこそ実力至上主義の教室へ 4th Season' を問い合わせ]
2026-03-21 17:06:08,968 [INFO] [OUTPUT] Jikan 取得成功: mal_id=59708, score=None, studio=Lerche
2026-03-21 17:06:08,973 [INFO] [OUTPUT] Master 保存: 202604_youzitsu_c1.json
2026-03-21 17:06:08,974 [INFO] [OUTPUT] watch_list に追記: 202604_youzitsu_c1
2026-03-21 17:06:08,974 [INFO] [OUTPUT] broadcast_history に追記: 202604_youzitsu_c1
2026-03-21 17:06:08,974 [INFO] --- [2/13] 自動販売機に生まれ変わった俺は迷宮を彷徨う 3rd season ---
2026-03-21 17:06:08,974 [INFO] [THOUGHT: official_url=https://jihanki-anime.com/, schedules=2件]
2026-03-21 17:06:08,974 [INFO] [OUTPUT] anime_id 生成: 202604_jihanki_c1
2026-03-21 17:06:08,975 [INFO] [LOG: START] Jikan 検索: 自動販売機に生まれ変わった俺は迷宮を彷徨う 3rd season
2026-03-21 17:06:08,975 [INFO] [THOUGHT: Jikan API に '自動販売機に生まれ変わった俺は迷宮を彷徨う 3rd season' を問い合わせ]
2026-03-21 17:06:11,039 [INFO] [OUTPUT] Jikan 取得成功: mal_id=62512, score=None, studio=Studio Gokumi
2026-03-21 17:06:11,054 [INFO] [OUTPUT] Master 保存: 202604_jihanki_c1.json
2026-03-21 17:06:11,054 [INFO] [OUTPUT] watch_list に追記: 202604_jihanki_c1
2026-03-21 17:06:11,054 [INFO] [OUTPUT] broadcast_history に追記: 202604_jihanki_c1
2026-03-21 17:06:11,054 [INFO] --- [3/13] 黄泉のツガイ ---
2026-03-21 17:06:11,054 [INFO] [THOUGHT: official_url=https://yominotsugai.com/, schedules=2件]
2026-03-21 17:06:11,054 [INFO] [OUTPUT] anime_id 生成: 202604_yominotsugai_c1
2026-03-21 17:06:11,055 [INFO] [LOG: START] Jikan 検索: 黄泉のツガイ
2026-03-21 17:06:11,055 [INFO] [THOUGHT: Jikan API に '黄泉のツガイ' を問い合わせ]
2026-03-21 17:06:12,575 [INFO] [OUTPUT] Jikan 取得成功: mal_id=62001, score=None, studio=Bones Film
2026-03-21 17:06:12,576 [INFO] [OUTPUT] Master 保存: 202604_yominotsugai_c1.json
2026-03-21 17:06:12,576 [INFO] [OUTPUT] watch_list に追記: 202604_yominotsugai_c1
2026-03-21 17:06:12,576 [INFO] [OUTPUT] broadcast_history に追記: 202604_yominotsugai_c1
2026-03-21 17:06:12,576 [INFO] --- [4/13] NEEDY GIRL OVERDOSE ---
2026-03-21 17:06:12,576 [INFO] [THOUGHT: official_url=None, schedules=2件]
2026-03-21 17:06:12,577 [INFO] [OUTPUT] anime_id 生成: 202604_needyoverdose_c1
2026-03-21 17:06:12,577 [INFO] [LOG: START] Jikan 検索: NEEDY GIRL OVERDOSE
2026-03-21 17:06:12,577 [INFO] [THOUGHT: Jikan API に 'NEEDY GIRL OVERDOSE' を問い合わせ]
2026-03-21 17:06:14,152 [INFO] [OUTPUT] Jikan 取得成功: mal_id=62913, score=None, studio=Yostar Pictures
2026-03-21 17:06:14,167 [INFO] [OUTPUT] Master 保存: 202604_needyoverdose_c1.json
2026-03-21 17:06:14,167 [INFO] [OUTPUT] watch_list に追記: 202604_needyoverdose_c1
2026-03-21 17:06:14,167 [INFO] [OUTPUT] broadcast_history に追記: 202604_needyoverdose_c1
2026-03-21 17:06:14,167 [INFO] --- [5/13] カナン様はあくまでチョロい ---
2026-03-21 17:06:14,167 [INFO] [THOUGHT: official_url=https://kanachoro-anime.com/, schedules=2件]
2026-03-21 17:06:14,167 [INFO] [OUTPUT] anime_id 生成: 202604_kanachoro_c1
2026-03-21 17:06:14,167 [INFO] [LOG: START] Jikan 検索: カナン様はあくまでチョロい
2026-03-21 17:06:14,167 [INFO] [THOUGHT: Jikan API に 'カナン様はあくまでチョロい' を問い合わせ]
2026-03-21 17:06:16,258 [INFO] [OUTPUT] Jikan 取得成功: mal_id=61501, score=None, studio=Studio KAI
2026-03-21 17:06:16,258 [INFO] [OUTPUT] Master 保存: 202604_kanachoro_c1.json
2026-03-21 17:06:16,259 [INFO] [OUTPUT] watch_list に追記: 202604_kanachoro_c1
2026-03-21 17:06:16,259 [INFO] [OUTPUT] broadcast_history に追記: 202604_kanachoro_c1
2026-03-21 17:06:16,259 [INFO] --- [6/13] 神の雫 ---
2026-03-21 17:06:16,259 [INFO] [THOUGHT: official_url=https://dropsofgod-anime.com/, schedules=1件]
2026-03-21 17:06:16,259 [INFO] [OUTPUT] anime_id 生成: 202604_dropsgod_c1
2026-03-21 17:06:16,259 [INFO] [LOG: START] Jikan 検索: 神の雫
2026-03-21 17:06:16,259 [INFO] [THOUGHT: Jikan API に '神の雫' を問い合わせ]
2026-03-21 17:06:17,794 [INFO] [OUTPUT] Jikan 取得成功: mal_id=62981, score=None, studio=Satelight
2026-03-21 17:06:17,794 [INFO] [OUTPUT] Master 保存: 202604_dropsgod_c1.json
2026-03-21 17:06:17,795 [INFO] [OUTPUT] watch_list に追記: 202604_dropsgod_c1
2026-03-21 17:06:17,795 [INFO] [OUTPUT] broadcast_history に追記: 202604_dropsgod_c1
2026-03-21 17:06:17,795 [INFO] --- [7/13] 終末のワルキューレⅢ ---
2026-03-21 17:06:17,795 [INFO] [THOUGHT: official_url=https://ragnarok-official.com/, schedules=2件]
2026-03-21 17:06:17,795 [INFO] [OUTPUT] anime_id 生成: 202604_shuumatsuvalkyrie_c1
2026-03-21 17:06:17,795 [INFO] [LOG: START] Jikan 検索: 終末のワルキューレⅢ
2026-03-21 17:06:17,795 [INFO] [THOUGHT: Jikan API に '終末のワルキューレⅢ' を問い合わせ]
2026-03-21 17:06:20,455 [INFO] [OUTPUT] Jikan 取得成功: mal_id=44942, score=6.83, studio=Graphinica
2026-03-21 17:06:20,456 [INFO] [OUTPUT] Master 保存: 202604_shuumatsuvalkyrie_c1.json
2026-03-21 17:06:20,456 [INFO] [OUTPUT] watch_list に追記: 202604_shuumatsuvalkyrie_c1
2026-03-21 17:06:20,456 [INFO] [OUTPUT] broadcast_history に追記: 202604_shuumatsuvalkyrie_c1
2026-03-21 17:06:20,456 [INFO] --- [8/13] リィンカーネーションの花弁 ---
2026-03-21 17:06:20,456 [INFO] [THOUGHT: official_url=https://petals-of-reincarnation-anime.com/, schedules=1件]
2026-03-21 17:06:20,456 [INFO] [OUTPUT] anime_id 生成: 202604_reinkabane_c1
2026-03-21 17:06:20,456 [INFO] [LOG: START] Jikan 検索: リィンカーネーションの花弁
2026-03-21 17:06:20,456 [INFO] [THOUGHT: Jikan API に 'リィンカーネーションの花弁' を問い合わせ]
2026-03-21 17:06:21,993 [INFO] [OUTPUT] Jikan 取得成功: mal_id=59443, score=None, studio=BENTEN Film
2026-03-21 17:06:21,998 [INFO] [OUTPUT] Master 保存: 202604_reinkabane_c1.json
2026-03-21 17:06:21,999 [INFO] [OUTPUT] watch_list に追記: 202604_reinkabane_c1
2026-03-21 17:06:21,999 [INFO] [OUTPUT] broadcast_history に追記: 202604_reinkabane_c1
2026-03-21 17:06:21,999 [INFO] --- [9/13] インゴクダンチ ---
2026-03-21 17:06:21,999 [INFO] [THOUGHT: official_url=https://ingoku-danchi.deregula.com/, schedules=1件]
2026-03-21 17:06:22,000 [INFO] [OUTPUT] anime_id 生成: 202604_ingokudanchi_c1
2026-03-21 17:06:22,000 [INFO] [LOG: START] Jikan 検索: インゴクダンチ
2026-03-21 17:06:22,000 [INFO] [THOUGHT: Jikan API に 'インゴクダンチ' を問い合わせ]
2026-03-21 17:06:23,529 [WARNING] [THOUGHT: Jikan 結果なし] 'インゴクダンチ' → フォールバック空データを使用
2026-03-21 17:06:23,530 [INFO] [OUTPUT] Master 保存: 202604_ingokudanchi_c1.json
2026-03-21 17:06:23,530 [INFO] [OUTPUT] watch_list に追記: 202604_ingokudanchi_c1
2026-03-21 17:06:23,530 [INFO] [OUTPUT] broadcast_history に追記: 202604_ingokudanchi_c1
2026-03-21 17:06:23,530 [INFO] --- [10/13] 大きい女の子は好きですか？ ---
2026-03-21 17:06:23,530 [INFO] [THOUGHT: official_url=https://ookii-onnanoko.af-original.com/, schedules=2件]
2026-03-21 17:06:23,531 [INFO] [OUTPUT] anime_id 生成: 202604_ookiionnanoko_c1
2026-03-21 17:06:23,531 [INFO] [LOG: START] Jikan 検索: 大きい女の子は好きですか？
2026-03-21 17:06:23,531 [INFO] [THOUGHT: Jikan API に '大きい女の子は好きですか？' を問い合わせ]
2026-03-21 17:06:25,102 [INFO] [OUTPUT] Jikan 取得成功: mal_id=63248, score=None, studio=Studio Hokiboshi
2026-03-21 17:06:25,108 [INFO] [OUTPUT] Master 保存: 202604_ookiionnanoko_c1.json
2026-03-21 17:06:25,108 [INFO] [OUTPUT] watch_list に追記: 202604_ookiionnanoko_c1
2026-03-21 17:06:25,108 [INFO] [OUTPUT] broadcast_history に追記: 202604_ookiionnanoko_c1
2026-03-21 17:06:25,108 [INFO] --- [11/13] Re:ゼロから始める異世界生活 4th season ---
2026-03-21 17:06:25,108 [INFO] [THOUGHT: official_url=https://re-zero-anime.jp/tv/, schedules=1件]
2026-03-21 17:06:25,109 [INFO] [OUTPUT] anime_id 生成: 202604_rezero_c1
2026-03-21 17:06:25,109 [INFO] [LOG: START] Jikan 検索: Re:ゼロから始める異世界生活 4th season
2026-03-21 17:06:25,109 [INFO] [THOUGHT: Jikan API に 'Re:ゼロから始める異世界生活 4th season' を問い合わせ]
2026-03-21 17:06:26,758 [INFO] [OUTPUT] Jikan 取得成功: mal_id=61316, score=None, studio=White Fox
2026-03-21 17:06:26,759 [INFO] [OUTPUT] Master 保存: 202604_rezero_c1.json
2026-03-21 17:06:26,759 [INFO] [OUTPUT] watch_list に追記: 202604_rezero_c1
2026-03-21 17:06:26,760 [INFO] [OUTPUT] broadcast_history に追記: 202604_rezero_c1
2026-03-21 17:06:26,760 [INFO] --- [12/13] あかね噺 ---
2026-03-21 17:06:26,760 [INFO] [THOUGHT: official_url=https://akane-banashi.com/, schedules=1件]
2026-03-21 17:06:26,760 [INFO] [OUTPUT] anime_id 生成: 202604_akanebanashi_c1
2026-03-21 17:06:26,760 [INFO] [LOG: START] Jikan 検索: あかね噺
2026-03-21 17:06:26,760 [INFO] [THOUGHT: Jikan API に 'あかね噺' を問い合わせ]
2026-03-21 17:06:28,662 [INFO] [OUTPUT] Jikan 取得成功: mal_id=62164, score=None, studio=Zexcs
2026-03-21 17:06:28,663 [INFO] [OUTPUT] Master 保存: 202604_akanebanashi_c1.json
2026-03-21 17:06:28,664 [INFO] [OUTPUT] watch_list に追記: 202604_akanebanashi_c1
2026-03-21 17:06:28,664 [INFO] [OUTPUT] broadcast_history に追記: 202604_akanebanashi_c1
2026-03-21 17:06:28,664 [INFO] --- [13/13] Dr.STONE SCIENCE FUTURE 第3クール ---
2026-03-21 17:06:28,664 [INFO] [THOUGHT: official_url=https://dr-stone.jp/, schedules=1件]
2026-03-21 17:06:28,664 [INFO] [OUTPUT] anime_id 生成: 202604_drstone_c1
2026-03-21 17:06:28,664 [INFO] [LOG: START] Jikan 検索: Dr.STONE SCIENCE FUTURE 第3クール
2026-03-21 17:06:28,664 [INFO] [THOUGHT: Jikan API に 'Dr.STONE SCIENCE FUTURE 第3クール' を問い合わせ]
2026-03-21 17:06:30,408 [INFO] [OUTPUT] Jikan 取得成功: mal_id=62568, score=None, studio=TMS Entertainment
2026-03-21 17:06:30,416 [INFO] [OUTPUT] Master 保存: 202604_drstone_c1.json
2026-03-21 17:06:30,417 [INFO] [OUTPUT] watch_list に追記: 202604_drstone_c1
2026-03-21 17:06:30,417 [INFO] [OUTPUT] broadcast_history に追記: 202604_drstone_c1
2026-03-21 17:06:30,417 [INFO] [OUTPUT] 処理完了: 新規追加=13件, スキップ=0件
2026-03-21 17:06:30,417 [INFO] [LOG: END] Step 5
2026-03-21 17:06:30,418 [INFO] [LOG: START] Step 6: ファイル保存
2026-03-21 17:06:30,419 [INFO] [OUTPUT] watch_list 保存完了: 23件
2026-03-21 17:06:30,420 [INFO] [OUTPUT] broadcast_history 保存完了: 23キー
2026-03-21 17:06:30,420 [INFO] [LOG: END] Step 6
2026-03-21 17:06:30,420 [INFO] ============================================================
2026-03-21 17:06:30,420 [INFO] 🎉 season_adder.py 完了！ 新規追加: 13件, スキップ: 0件
2026-03-21 17:06:30,420 [INFO] ログ: /Volumes/DevSSD/Dev/AniCheck/AniJson/logs/season_adder.log
2026-03-21 20:01:28,218 [INFO] ============================================================
2026-03-21 20:01:28,219 [INFO] [LOG: START] Step 0: season_adder.py 起動
2026-03-21 20:01:28,219 [INFO] [THOUGHT: dry_run=False]
2026-03-21 20:01:28,219 [INFO] [THOUGHT: BASE_DIR=/Volumes/DevSSD/Dev/AniCheck/AniJson]
2026-03-21 20:01:28,219 [INFO] [LOG: START] Step 1: 次期シーズン判定
2026-03-21 20:01:28,219 [INFO] [OUTPUT] season_str=2026年冬アニメ, season_key=2026_winter, yyyymm=202601
2026-03-21 20:01:28,219 [INFO] [LOG: END] Step 1
2026-03-21 20:01:28,219 [INFO] [LOG: START] Step 2: 既存ファイル読み込み
2026-03-21 20:01:28,221 [INFO] [OUTPUT] watch_list=23件, broadcast_history=23キー
2026-03-21 20:01:28,221 [INFO] [LOG: END] Step 2
2026-03-21 20:01:28,221 [INFO] [LOG: START] Step 3: Grok API 呼び出し (season=2026年冬アニメ)
2026-03-21 20:01:28,221 [INFO] [THOUGHT: Grokへのプロンプト送信] ターゲット=2026年冬アニメ, model=grok-4-1-fast-reasoning
2026-03-21 20:02:22,261 [INFO] [OUTPUT] Grok 応答受信: 307 chars
2026-03-21 20:02:22,262 [INFO] [LOG: END] Step 3
2026-03-21 20:02:22,296 [INFO] [OUTPUT] 生レスポンス保存: raw_grok_output_2026年冬アニメ.txt
2026-03-21 20:02:22,297 [INFO] [LOG: START] Step 4: Grok レスポンスのパース
2026-03-21 20:02:22,297 [INFO] [THOUGHT: 正規表現でJSONコードブロックを抽出] テキスト長=307
2026-03-21 20:02:22,297 [INFO] [THOUGHT: コードブロックなし → 裸の JSON 配列へフォールバック]
2026-03-21 20:02:22,299 [INFO] [OUTPUT] パース成功: 2 件
2026-03-21 20:02:22,299 [INFO] [LOG: END] Step 4
2026-03-21 20:02:22,299 [INFO] [LOG: START] Step 5: 各アニメの処理
2026-03-21 20:02:22,299 [WARNING] [THOUGHT: タイトル空] idx=0 → スキップ
2026-03-21 20:02:22,299 [WARNING] [THOUGHT: タイトル空] idx=1 → スキップ
2026-03-21 20:02:22,299 [INFO] [OUTPUT] 処理完了: 新規追加=0件, スキップ=2件
2026-03-21 20:02:22,300 [INFO] [LOG: END] Step 5
2026-03-21 20:02:22,300 [INFO] [LOG: START] Step 6: ファイル保存
2026-03-21 20:02:22,300 [INFO] [THOUGHT: 新規追加なし] ファイル保存をスキップします
2026-03-21 20:02:22,301 [INFO] [LOG: END] Step 6
2026-03-21 20:02:22,301 [INFO] ============================================================
2026-03-21 20:02:22,301 [INFO] 🎉 season_adder.py 完了！ 新規追加: 0件, スキップ: 2件
2026-03-21 20:02:22,301 [INFO] ログ: /Volumes/DevSSD/Dev/AniCheck/AniJson/logs/season_adder.log
2026-03-21 20:04:30,163 [INFO] Target Season: 2026年冬アニメ
2026-03-21 20:04:30,166 [INFO] [LOG: START] Step 3: Grok API 呼び出し (target=2026年冬アニメ)
2026-03-21 20:05:15,711 [INFO] Added: 呪術廻戦 死滅回游 前編 (202601_jujutsushimetsu_c1)
2026-03-21 20:05:17,320 [INFO] Added: 魔都精兵のスレイブ2 (202601_slave2_c1)
2026-03-21 20:05:18,841 [INFO] Added: 真夜中ハートチューン (202601_mayochu_c1)
2026-03-21 20:05:20,384 [INFO] Added: ダーウィン事変 (202601_darwin_c1)
2026-03-21 20:05:22,039 [INFO] Added: 姫様“拷問”の時間です 第2期 (202601_himesama2_c1)
2026-03-21 20:05:23,797 [INFO] Added: ヴィジランテ -僕のヒーローアカデミア ILLEGALS- 第2期 (202601_vigilante2_c1)
2026-03-21 20:05:25,525 [INFO] Added: 死亡遊戯で飯を食う。 (202601_shibomeshi_c1)
2026-03-21 20:05:27,082 [INFO] Added: 29歳独身中堅冒険者の日常 (202601_adventurer29_c1)
2026-03-21 20:05:28,583 [INFO] Added: 魔王の娘は優しすぎる!! (202601_maomusume_c1)
2026-03-21 20:05:30,208 [INFO] Added: 正反対な君と僕 (202601_seihantai_c1)
2026-03-21 20:05:31,753 [INFO] Added: 異世界の沙汰は社畜次第 (202601_iseshachi_c1)
2026-03-21 20:05:33,619 [INFO] Added: 綺麗にしてもらえますか。 (202601_kinishite_c1)
2026-03-21 20:05:33,636 [INFO] Finished. Added 12 items.
